<?xml version="1.0" encoding="utf-8"?><testsuites name="pytest tests"><testsuite name="pytest" errors="0" failures="0" skipped="0" tests="14" time="1.130" timestamp="2026-01-28T15:59:20.824795+00:00" hostname="agent-env-e9070a31-2a9c-48ae-9373-b81eeeeb19da"><testcase classname="backend.tests.test_pdf_tools_and_annotations.TestPDFRotateEndpoint" name="test_rotate_pdf_90_degrees" time="0.091" /><testcase classname="backend.tests.test_pdf_tools_and_annotations.TestPDFRotateEndpoint" name="test_rotate_pdf_180_degrees" time="0.062" /><testcase classname="backend.tests.test_pdf_tools_and_annotations.TestPDFRotateEndpoint" name="test_rotate_invalid_file_id" time="0.030" /><testcase classname="backend.tests.test_pdf_tools_and_annotations.TestPDFCompressEndpoint" name="test_compress_pdf_medium_quality" time="0.050" /><testcase classname="backend.tests.test_pdf_tools_and_annotations.TestPDFCompressEndpoint" name="test_compress_pdf_low_quality" time="0.089" /><testcase classname="backend.tests.test_pdf_tools_and_annotations.TestPDFWatermarkEndpoint" name="test_watermark_pdf_center" time="0.057" /><testcase classname="backend.tests.test_pdf_tools_and_annotations.TestPDFWatermarkEndpoint" name="test_watermark_pdf_diagonal" time="0.055" /><testcase classname="backend.tests.test_pdf_tools_and_annotations.TestPDFWatermarkEndpoint" name="test_watermark_custom_text" time="0.053" /><testcase classname="backend.tests.test_pdf_tools_and_annotations.TestAnnotationEndpoints" name="test_add_annotation" time="0.052" /><testcase classname="backend.tests.test_pdf_tools_and_annotations.TestAnnotationEndpoints" name="test_get_annotations" time="0.103" /><testcase classname="backend.tests.test_pdf_tools_and_annotations.TestAnnotationEndpoints" name="test_delete_annotation" time="0.060" /><testcase classname="backend.tests.test_pdf_tools_and_annotations.TestAnnotationEndpoints" name="test_get_annotations_file_not_found" time="0.019" /><testcase classname="backend.tests.test_pdf_tools_and_annotations.TestBatchConvertEndpoint" name="test_batch_convert_endpoint_exists" time="0.105" /><testcase classname="backend.tests.test_pdf_tools_and_annotations.TestDownloadEndpoint" name="test_download_rotated_pdf" time="0.078" /></testsuite></testsuites>