<?xml version="1.0" encoding="utf-8"?><testsuites name="pytest tests"><testsuite name="pytest" errors="0" failures="0" skipped="0" tests="8" time="5.278" timestamp="2026-02-10T18:31:52.491502+00:00" hostname="agent-env-2f94be42-07d3-47ac-9cef-5c03dca72575"><testcase classname="backend.tests.test_ocr_collaboration.TestOCRFeatures" name="test_ocr_languages_endpoint" time="0.101" /><testcase classname="backend.tests.test_ocr_collaboration.TestOCRFeatures" name="test_ocr_extract_success" time="2.443" /><testcase classname="backend.tests.test_ocr_collaboration.TestOCRFeatures" name="test_ocr_extract_file_not_found" time="0.080" /><testcase classname="backend.tests.test_ocr_collaboration.TestOCRFeatures" name="test_searchable_pdf_success" time="2.370" /><testcase classname="backend.tests.test_ocr_collaboration.TestOCRFeatures" name="test_searchable_pdf_file_not_found" time="0.017" /><testcase classname="backend.tests.test_ocr_collaboration.TestCollaborationFeatures" name="test_active_users_endpoint" time="0.044" /><testcase classname="backend.tests.test_ocr_collaboration.TestCollaborationFeatures" name="test_cursors_endpoint" time="0.025" /><testcase classname="backend.tests.test_ocr_collaboration.TestOCRStatus" name="test_ocr_status_not_found" time="0.021" /></testsuite></testsuites>