<?xml version="1.0" encoding="utf-8"?><testsuites name="pytest tests"><testsuite name="pytest" errors="0" failures="0" skipped="0" tests="14" time="0.714" timestamp="2026-02-10T16:23:25.682787+00:00" hostname="agent-env-2f94be42-07d3-47ac-9cef-5c03dca72575"><testcase classname="tests.test_new_features.TestDashboardAPI" name="test_dashboard_stats_returns_200" time="0.048" /><testcase classname="tests.test_new_features.TestDashboardAPI" name="test_dashboard_subscription_returns_200" time="0.022" /><testcase classname="tests.test_new_features.TestDashboardAPI" name="test_dashboard_history_returns_200" time="0.021" /><testcase classname="tests.test_new_features.TestDashboardAPI" name="test_dashboard_usage_chart_returns_200" time="0.020" /><testcase classname="tests.test_new_features.TestAnnotationsAPI" name="test_get_annotations_empty_file" time="0.023" /><testcase classname="tests.test_new_features.TestAnnotationsAPI" name="test_visual_annotation_requires_valid_file" time="0.021" /><testcase classname="tests.test_new_features.TestAnnotationsAPI" name="test_legacy_annotate_endpoint" time="0.023" /><testcase classname="tests.test_new_features.TestPDFFormsAPI" name="test_form_fields_requires_valid_file" time="0.029" /><testcase classname="tests.test_new_features.TestPDFFormsAPI" name="test_fill_form_requires_valid_file" time="0.020" /><testcase classname="tests.test_new_features.TestPDFFormsAPI" name="test_flatten_form_requires_valid_file" time="0.060" /><testcase classname="tests.test_new_features.TestPDFFormsWithRealFile" name="test_form_fields_on_real_pdf" time="0.088" /><testcase classname="tests.test_new_features.TestAnnotationsWithRealFile" name="test_add_visual_annotation" time="0.084" /><testcase classname="tests.test_new_features.TestAnnotationsWithRealFile" name="test_get_annotations_after_add" time="0.082" /><testcase classname="tests.test_new_features.TestAnnotationsWithRealFile" name="test_get_page_annotations" time="0.023" /></testsuite></testsuites>