<?xml version="1.0" encoding="utf-8"?><testsuites name="pytest tests"><testsuite name="pytest" errors="0" failures="0" skipped="0" tests="20" time="0.953" timestamp="2026-02-10T18:45:41.942792+00:00" hostname="agent-env-2f94be42-07d3-47ac-9cef-5c03dca72575"><testcase classname="backend.tests.test_version_history_ocr.TestOCRLanguages" name="test_ocr_languages_endpoint_returns_200" time="0.080" /><testcase classname="backend.tests.test_version_history_ocr.TestOCRLanguages" name="test_ocr_languages_returns_all_15_languages" time="0.051" /><testcase classname="backend.tests.test_version_history_ocr.TestOCRLanguages" name="test_ocr_languages_contains_required_languages" time="0.058" /><testcase classname="backend.tests.test_version_history_ocr.TestOCRLanguages" name="test_ocr_languages_has_default" time="0.053" /><testcase classname="backend.tests.test_version_history_ocr.TestOCRLanguages" name="test_ocr_languages_has_note" time="0.053" /><testcase classname="backend.tests.test_version_history_ocr.TestVersionHistoryAPIs" name="test_version_create_requires_file_id" time="0.019" /><testcase classname="backend.tests.test_version_history_ocr.TestVersionHistoryAPIs" name="test_version_create_with_valid_file" time="0.043" /><testcase classname="backend.tests.test_version_history_ocr.TestVersionHistoryAPIs" name="test_get_version_history" time="0.016" /><testcase classname="backend.tests.test_version_history_ocr.TestVersionHistoryAPIs" name="test_get_version_history_nonexistent_file" time="0.018" /><testcase classname="backend.tests.test_version_history_ocr.TestVersionHistoryAPIs" name="test_version_stats" time="0.021" /><testcase classname="backend.tests.test_version_history_ocr.TestVersionHistoryAPIs" name="test_version_stats_nonexistent_file" time="0.022" /><testcase classname="backend.tests.test_version_history_ocr.TestVersionHistoryAPIs" name="test_version_compare_requires_parameters" time="0.022" /><testcase classname="backend.tests.test_version_history_ocr.TestVersionHistoryAPIs" name="test_version_compare_nonexistent_file" time="0.022" /><testcase classname="backend.tests.test_version_history_ocr.TestVersionHistoryAPIs" name="test_version_revert_requires_parameters" time="0.018" /><testcase classname="backend.tests.test_version_history_ocr.TestVersionHistoryAPIs" name="test_version_revert_nonexistent_file" time="0.062" /><testcase classname="backend.tests.test_version_history_ocr.TestVersionHistoryIntegration" name="test_full_version_workflow" time="0.140" /><testcase classname="backend.tests.test_version_history_ocr.TestExistingFeatures" name="test_formats_endpoint" time="0.014" /><testcase classname="backend.tests.test_version_history_ocr.TestExistingFeatures" name="test_health_endpoint" time="0.019" /><testcase classname="backend.tests.test_version_history_ocr.TestExistingFeatures" name="test_ocr_extract_404_for_invalid_file" time="0.015" /><testcase classname="backend.tests.test_version_history_ocr.TestExistingFeatures" name="test_dashboard_stats_endpoint" time="0.016" /></testsuite></testsuites>