<?xml version="1.0" encoding="utf-8"?><testsuites name="pytest tests"><testsuite name="pytest" errors="0" failures="3" skipped="0" tests="20" time="2.003" timestamp="2026-02-10T18:43:34.145001+00:00" hostname="agent-env-2f94be42-07d3-47ac-9cef-5c03dca72575"><testcase classname="backend.tests.test_version_history_ocr.TestOCRLanguages" name="test_ocr_languages_endpoint_returns_200" time="0.095" /><testcase classname="backend.tests.test_version_history_ocr.TestOCRLanguages" name="test_ocr_languages_returns_all_15_languages" time="0.054" /><testcase classname="backend.tests.test_version_history_ocr.TestOCRLanguages" name="test_ocr_languages_contains_required_languages" time="1.063" /><testcase classname="backend.tests.test_version_history_ocr.TestOCRLanguages" name="test_ocr_languages_has_default" time="0.053" /><testcase classname="backend.tests.test_version_history_ocr.TestOCRLanguages" name="test_ocr_languages_has_note" time="0.055" /><testcase classname="backend.tests.test_version_history_ocr.TestVersionHistoryAPIs" name="test_version_create_requires_file_id" time="0.022" /><testcase classname="backend.tests.test_version_history_ocr.TestVersionHistoryAPIs" name="test_version_create_with_valid_file" time="0.049" /><testcase classname="backend.tests.test_version_history_ocr.TestVersionHistoryAPIs" name="test_get_version_history" time="0.016" /><testcase classname="backend.tests.test_version_history_ocr.TestVersionHistoryAPIs" name="test_get_version_history_nonexistent_file" time="0.021" /><testcase classname="backend.tests.test_version_history_ocr.TestVersionHistoryAPIs" name="test_version_stats" time="0.022"><failure message="AssertionError: Expected 200, got 404&#10;assert 404 == 200&#10; +  where 404 = &lt;Response [404]&gt;.status_code">backend/tests/test_version_history_ocr.py:148: in test_version_stats
    assert response.status_code == 200, f"Expected 200, got {response.status_code}"
E   AssertionError: Expected 200, got 404
E   assert 404 == 200
E    +  where 404 = &lt;Response [404]&gt;.status_code</failure></testcase><testcase classname="backend.tests.test_version_history_ocr.TestVersionHistoryAPIs" name="test_version_stats_nonexistent_file" time="0.021" /><testcase classname="backend.tests.test_version_history_ocr.TestVersionHistoryAPIs" name="test_version_compare_requires_parameters" time="0.059" /><testcase classname="backend.tests.test_version_history_ocr.TestVersionHistoryAPIs" name="test_version_compare_nonexistent_file" time="0.016" /><testcase classname="backend.tests.test_version_history_ocr.TestVersionHistoryAPIs" name="test_version_revert_requires_parameters" time="0.023" /><testcase classname="backend.tests.test_version_history_ocr.TestVersionHistoryAPIs" name="test_version_revert_nonexistent_file" time="0.021" /><testcase classname="backend.tests.test_version_history_ocr.TestVersionHistoryIntegration" name="test_full_version_workflow" time="0.079"><failure message="assert 404 == 200&#10; +  where 404 = &lt;Response [404]&gt;.status_code">backend/tests/test_version_history_ocr.py:238: in test_full_version_workflow
    assert stats_response.status_code == 200
E   assert 404 == 200
E    +  where 404 = &lt;Response [404]&gt;.status_code</failure></testcase><testcase classname="backend.tests.test_version_history_ocr.TestExistingFeatures" name="test_formats_endpoint" time="0.017" /><testcase classname="backend.tests.test_version_history_ocr.TestExistingFeatures" name="test_health_endpoint" time="0.023" /><testcase classname="backend.tests.test_version_history_ocr.TestExistingFeatures" name="test_ocr_extract_404_for_invalid_file" time="0.020" /><testcase classname="backend.tests.test_version_history_ocr.TestExistingFeatures" name="test_dashboard_stats_endpoint" time="0.017"><failure message="assert 422 == 200&#10; +  where 422 = &lt;Response [422]&gt;.status_code">backend/tests/test_version_history_ocr.py:287: in test_dashboard_stats_endpoint
    assert response.status_code == 200
E   assert 422 == 200
E    +  where 422 = &lt;Response [422]&gt;.status_code</failure></testcase></testsuite></testsuites>